<?xml version="1.0" encoding="UTF-8"?>
<testng-results skipped="0" failed="0" ignored="0" total="1" passed="1">
  <reporter-output>
  </reporter-output>
  <suite name="Default suite" duration-ms="117086" started-at="2019-10-30T04:50:17Z" finished-at="2019-10-30T04:52:14Z">
    <groups>
      <group name="cucumber">
        <method signature="AbstractTestNGCucumberTests.feature(cucumber.api.testng.CucumberFeatureWrapper)[pri:0, instance:com.ee.BDD.EERunner@f08448]" name="feature" class="cucumber.api.testng.AbstractTestNGCucumberTests"/>
      </group> <!-- cucumber -->
    </groups>
    <test name="Default test" duration-ms="117086" started-at="2019-10-30T04:50:17Z" finished-at="2019-10-30T04:52:14Z">
      <class name="com.ee.BDD.EERunner">
        <test-method status="PASS" signature="setup()[pri:0, instance:com.ee.BDD.EERunner@f08448]" name="setup" is-config="true" duration-ms="42" started-at="2019-10-30T04:50:17Z" finished-at="2019-10-30T04:50:17Z">
          <reporter-output>
          </reporter-output>
        </test-method> <!-- setup -->
        <test-method status="PASS" signature="setUpClass()[pri:0, instance:com.ee.BDD.EERunner@f08448]" name="setUpClass" is-config="true" duration-ms="361" started-at="2019-10-30T04:50:17Z" finished-at="2019-10-30T04:50:17Z">
          <reporter-output>
          </reporter-output>
        </test-method> <!-- setUpClass -->
        <test-method status="PASS" signature="feature(cucumber.api.testng.CucumberFeatureWrapper)[pri:0, instance:com.ee.BDD.EERunner@f08448]" name="feature" duration-ms="116369" started-at="2019-10-30T04:50:17Z" description="Runs Cucumber Feature" data-provider="features" finished-at="2019-10-30T04:52:14Z">
          <params>
            <param index="0">
              <value>
                <![CDATA[Validate Estern Enterprise functionality]]>
              </value>
            </param>
          </params>
          <reporter-output>
          </reporter-output>
        </test-method> <!-- feature -->
        <test-method status="PASS" signature="tearDownClass()[pri:0, instance:com.ee.BDD.EERunner@f08448]" name="tearDownClass" is-config="true" duration-ms="234" started-at="2019-10-30T04:52:14Z" finished-at="2019-10-30T04:52:14Z">
          <reporter-output>
          </reporter-output>
        </test-method> <!-- tearDownClass -->
        <test-method status="PASS" signature="collectReport()[pri:0, instance:com.ee.BDD.EERunner@f08448]" name="collectReport" is-config="true" duration-ms="553" started-at="2019-10-30T04:52:14Z" finished-at="2019-10-30T04:52:14Z">
          <reporter-output>
          </reporter-output>
        </test-method> <!-- collectReport -->
      </class> <!-- com.ee.BDD.EERunner -->
    </test> <!-- Default test -->
  </suite> <!-- Default suite -->
</testng-results>
